test_default_model_configuration (__main__.Test3DGenerator.test_default_model_configuration)
Test that 3D default model is configured ... ok
test_extract_result_url (__main__.Test3DGenerator.test_extract_result_url)
Test URL extraction from Hunyuan-3D response format ... ok
test_generation_queue_exists (__main__.Test3DGenerator.test_generation_queue_exists)
Test that generation queue is properly defined ... ok
test_generator_initialization (__main__.Test3DGenerator.test_generator_initialization)
Test that the generator initializes correctly ... ok
test_model_configuration (__main__.Test3DGenerator.test_model_configuration)
Test that the correct model is configured ... ok
test_output_format_configuration (__main__.Test3DGenerator.test_output_format_configuration)
Test that 3D output format is configured correctly ... ok
test_priority_levels (__main__.Test3DGenerator.test_priority_levels)
Test that assets have valid priority levels ... ok
test_generation_queue (__main__.TestBatchAssetGenerator3D.test_generation_queue)
Test that GENERATION_QUEUE is properly configured ... ok
test_module_imports (__main__.TestBatchAssetGenerator3D.test_module_imports)
Test that the module can be imported ... ok
test_seeds_configuration (__main__.TestBatchAssetGenerator3D.test_seeds_configuration)
Test that SEEDS are configured in the batch generator ... ok
test_run_generation (__main__.TestIntegrationGeneration.test_run_generation)
Test actual generation of a 3D asset ... FAIL

======================================================================
FAIL: test_run_generation (__main__.TestIntegrationGeneration.test_run_generation)
Test actual generation of a 3D asset
----------------------------------------------------------------------
Traceback (most recent call last):
  File "/Users/rifaterdemsahin/projects/fal.ai/7_TestingKnown/Tests/test_3d_generator.py", line 168, in test_run_generation
    self.assertGreater(len(results["success"]), 0, "Should have generated at least one asset")
    ~~~~~~~~~~~~~~~~~~^^^^^^^^^^^^^^^^^^^^^^^^^^^^^^^^^^^^^^^^^^^^^^^^^^^^^^^^^^^^^^^^^^^^^^^^
AssertionError: 0 not greater than 0 : Should have generated at least one asset

----------------------------------------------------------------------
Ran 11 tests in 1.862s

FAILED (failures=1)

ğŸš€ Running integration test generation to /Users/rifaterdemsahin/projects/fal.ai/7_TestingKnown/TestOutput/generated_assets/3d...
ğŸ“‚ Output directory: /Users/rifaterdemsahin/projects/fal.ai/7_TestingKnown/TestOutput/generated_assets/3d
âœ¨ Enhancing prompt for test_cube...
   Original: A simple white cube, 3d, minimalistic...
   Enhanced: A white cube, 3D, minimalistic, precisely 1 cubic ...

============================================================
ğŸ¨ Generating 3D Model: test_cube
   Scene: Test Scene
   Priority: HIGH
   Seed: SEED_001 (42)
============================================================
â³ Sending request to fal.ai Hunyuan-3D...
âŒ Error generating 3D model: [{'loc': ['body', 'prompt'], 'msg': 'ensure this value has at most 200 characters', 'type': 'value_error.any_str.max_length', 'ctx': {'limit_value': 200}}]

ğŸ“‹ Manifest saved: /Users/rifaterdemsahin/projects/fal.ai/7_TestingKnown/TestOutput/generated_assets/3d/manifest_3d.json
   Total assets tracked: 0
